<?xml version="1.0" encoding="UTF-8"?>
<testsuite name="TestSuite" time="675.114" tests="32" errors="0" skipped="0" failures="0">
  <properties>
    <property name="java.runtime.name" value="Java(TM) SE Runtime Environment"/>
    <property name="xmlFileName" value="testng.xml"/>
    <property name="sun.boot.library.path" value="/Library/Java/JavaVirtualMachines/jdk1.8.0_121.jdk/Contents/Home/jre/lib"/>
    <property name="java.vm.version" value="25.121-b13"/>
    <property name="browser" value="Chrome"/>
    <property name="user.country.format" value="IN"/>
    <property name="gopherProxySet" value="false"/>
    <property name="url" value="http://www.mapsynq.com/"/>
    <property name="java.vm.vendor" value="Oracle Corporation"/>
    <property name="maven.multiModuleProjectDirectory" value="/Users/lokenath/Documents/workspace/mapsynq"/>
    <property name="java.vendor.url" value="http://java.oracle.com/"/>
    <property name="path.separator" value=":"/>
    <property name="guice.disable.misplaced.annotation.check" value="true"/>
    <property name="java.vm.name" value="Java HotSpot(TM) 64-Bit Server VM"/>
    <property name="file.encoding.pkg" value="sun.io"/>
    <property name="user.country" value="US"/>
    <property name="sun.java.launcher" value="SUN_STANDARD"/>
    <property name="sun.os.patch.level" value="unknown"/>
    <property name="java.vm.specification.name" value="Java Virtual Machine Specification"/>
    <property name="user.dir" value="/Users/lokenath/Documents/workspace/mapsynq"/>
    <property name="java.runtime.version" value="1.8.0_121-b13"/>
    <property name="java.awt.graphicsenv" value="sun.awt.CGraphicsEnvironment"/>
    <property name="java.endorsed.dirs" value="/Library/Java/JavaVirtualMachines/jdk1.8.0_121.jdk/Contents/Home/jre/lib/endorsed"/>
    <property name="os.arch" value="x86_64"/>
    <property name="java.io.tmpdir" value="/var/folders/7k/z2l5cm6177ngznz1cqh_kpkw0000gn/T/"/>
    <property name="line.separator" value="&#10;"/>
    <property name="java.vm.specification.vendor" value="Oracle Corporation"/>
    <property name="os.name" value="Mac OS X"/>
    <property name="classworlds.conf" value="/Users/lokenath/SeamlessWork/apache-maven-3.3.9/bin/m2.conf"/>
    <property name="sun.jnu.encoding" value="UTF-8"/>
    <property name="java.library.path" value="/Users/lokenath/Library/Java/Extensions:/Library/Java/Extensions:/Network/Library/Java/Extensions:/System/Library/Java/Extensions:/usr/lib/java:."/>
    <property name="java.specification.name" value="Java Platform API Specification"/>
    <property name="java.class.version" value="52.0"/>
    <property name="sun.management.compiler" value="HotSpot 64-Bit Tiered Compilers"/>
    <property name="os.version" value="10.11.6"/>
    <property name="user.home" value="/Users/lokenath"/>
    <property name="user.timezone" value="Asia/Kolkata"/>
    <property name="java.awt.printerjob" value="sun.lwawt.macosx.CPrinterJob"/>
    <property name="java.specification.version" value="1.8"/>
    <property name="file.encoding" value="UTF-8"/>
    <property name="user.name" value="lokenath"/>
    <property name="java.class.path" value="/Users/lokenath/SeamlessWork/apache-maven-3.3.9/boot/plexus-classworlds-2.5.2.jar"/>
    <property name="java.vm.specification.version" value="1.8"/>
    <property name="sun.arch.data.model" value="64"/>
    <property name="java.home" value="/Library/Java/JavaVirtualMachines/jdk1.8.0_121.jdk/Contents/Home/jre"/>
    <property name="sun.java.command" value="org.codehaus.plexus.classworlds.launcher.Launcher clean test -Durl=http://www.mapsynq.com/ -Dbrowser=Chrome -DxmlFileName=testng.xml"/>
    <property name="java.specification.vendor" value="Oracle Corporation"/>
    <property name="user.language" value="en"/>
    <property name="awt.toolkit" value="sun.lwawt.macosx.LWCToolkit"/>
    <property name="java.vm.info" value="mixed mode"/>
    <property name="java.version" value="1.8.0_121"/>
    <property name="java.ext.dirs" value="/Users/lokenath/Library/Java/Extensions:/Library/Java/JavaVirtualMachines/jdk1.8.0_121.jdk/Contents/Home/jre/lib/ext:/Library/Java/Extensions:/Network/Library/Java/Extensions:/System/Library/Java/Extensions:/usr/lib/java"/>
    <property name="sun.boot.class.path" value="/Library/Java/JavaVirtualMachines/jdk1.8.0_121.jdk/Contents/Home/jre/lib/resources.jar:/Library/Java/JavaVirtualMachines/jdk1.8.0_121.jdk/Contents/Home/jre/lib/rt.jar:/Library/Java/JavaVirtualMachines/jdk1.8.0_121.jdk/Contents/Home/jre/lib/sunrsasign.jar:/Library/Java/JavaVirtualMachines/jdk1.8.0_121.jdk/Contents/Home/jre/lib/jsse.jar:/Library/Java/JavaVirtualMachines/jdk1.8.0_121.jdk/Contents/Home/jre/lib/jce.jar:/Library/Java/JavaVirtualMachines/jdk1.8.0_121.jdk/Contents/Home/jre/lib/charsets.jar:/Library/Java/JavaVirtualMachines/jdk1.8.0_121.jdk/Contents/Home/jre/lib/jfr.jar:/Library/Java/JavaVirtualMachines/jdk1.8.0_121.jdk/Contents/Home/jre/classes"/>
    <property name="java.vendor" value="Oracle Corporation"/>
    <property name="maven.home" value="/Users/lokenath/SeamlessWork/apache-maven-3.3.9"/>
    <property name="file.separator" value="/"/>
    <property name="java.vendor.url.bug" value="http://bugreport.sun.com/bugreport/"/>
    <property name="sun.cpu.endian" value="little"/>
    <property name="sun.io.unicode.encoding" value="UnicodeBig"/>
    <property name="sun.cpu.isalist" value=""/>
  </properties>
  <testcase name="LaunchURL" classname="com.mapsynq.testclass.TestMapsynq" time="7.021"/>
  <testcase name="clickDirectiontab" classname="com.mapsynq.testclass.TestMapsynq" time="0.344"/>
  <testcase name="testClearRoute" classname="com.mapsynq.testclass.TestMapsynq" time="0.296"/>
  <testcase name="testBlankSourceDesinationTraficAwareRoute" classname="com.mapsynq.testclass.TestMapsynq" time="5.725"/>
  <testcase name="testTraficAwareRoute" classname="com.mapsynq.testclass.TestMapsynq" time="22.321"/>
  <testcase name="TestTollAwareRoute" classname="com.mapsynq.testclass.TestMapsynq" time="3.635"/>
  <testcase name="TestFatestRoute" classname="com.mapsynq.testclass.TestMapsynq" time="0.699"/>
  <testcase name="TestShortestRoute" classname="com.mapsynq.testclass.TestMapsynq" time="0.201"/>
  <testcase name="ClickLiveTab" classname="com.mapsynq.testclass.TestMapsynq" time="0.159"/>
  <testcase name="CheckSingaporeLiveTrafficNews" classname="com.mapsynq.testclass.TestMapsynq" time="0.351"/>
  <testcase name="ClickCameraTab" classname="com.mapsynq.testclass.TestMapsynq" time="0.211"/>
  <testcase name="SingaporeLiveTrafficCameras" classname="com.mapsynq.testclass.TestMapsynq" time="0.176"/>
  <testcase name="MalaysiaLiveTrafficCameras" classname="com.mapsynq.testclass.TestMapsynq" time="0.131"/>
  <testcase name="SrilankaLiveTrafficCameras" classname="com.mapsynq.testclass.TestMapsynq" time="0.13"/>
  <testcase name="TestCountTotalLink" classname="com.mapsynq.testclass.TestMapsynq" time="0.185"/>
  <testcase name="TestCountInvalidLink" classname="com.mapsynq.testclass.TestMapsynq" time="18.381"/>
  <testcase name="ClickTollsLink" classname="com.mapsynq.testclass.TestMapsynq" time="0.14"/>
  <testcase name="CheckSingaporeTolls" classname="com.mapsynq.testclass.TestMapsynq" time="0.838"/>
  <testcase name="CheckMalaysiaTolls" classname="com.mapsynq.testclass.TestMapsynq" time="0.647"/>
  <testcase name="CheckThialndTolls" classname="com.mapsynq.testclass.TestMapsynq" time="1.141"/>
  <testcase name="ClickFirstSignaporeTollLink" classname="com.mapsynq.testclass.TestMapsynq" time="0.934"/>
  <testcase name="SwitchToPriceListDropdown" classname="com.mapsynq.testclass.TestMapsynq" time="100.17"/>
  <testcase name="GetPriceAndRatesLargeVehicleWeekdays" classname="com.mapsynq.testclass.TestMapsynq" time="2.241"/>
  <testcase name="GetPriceAndRatesCarSaturday" classname="com.mapsynq.testclass.TestMapsynq" time="100.154"/>
  <testcase name="GetPriceAndRatesMotorCycleWeekdays" classname="com.mapsynq.testclass.TestMapsynq" time="1.945"/>
  <testcase name="GetPriceAndRatesMotorCycleSaturday" classname="com.mapsynq.testclass.TestMapsynq" time="100.14"/>
  <testcase name="GetPriceAndRatesCarWeekdays" classname="com.mapsynq.testclass.TestMapsynq" time="1.823"/>
  <testcase name="GetPriceAndRatesLargeVehicleSaturday" classname="com.mapsynq.testclass.TestMapsynq" time="100.267"/>
  <testcase name="GetPriceAndRatesHeavyVehicleWeekdays" classname="com.mapsynq.testclass.TestMapsynq" time="2.031"/>
  <testcase name="GetPriceAndRatesHeavyVehicleSaturday" classname="com.mapsynq.testclass.TestMapsynq" time="100.201"/>
  <testcase name="GetPriceAndRatesVeryHeavhVehicleWeekdays" classname="com.mapsynq.testclass.TestMapsynq" time="2.267"/>
  <testcase name="GetPriceAndRatesVeryHeavhVehicleSaturday" classname="com.mapsynq.testclass.TestMapsynq" time="100.209"/>
</testsuite>