<?xml version="1.0" encoding="UTF-8"?>
<testsuite name="TestSuite" time="737.246" tests="33" errors="0" skipped="0" failures="0">
  <properties>
    <property name="java.runtime.name" value="Java(TM) SE Runtime Environment"/>
    <property name="xmlFileName" value="testng.xml"/>
    <property name="sun.boot.library.path" value="/Library/Java/JavaVirtualMachines/jdk1.8.0_121.jdk/Contents/Home/jre/lib"/>
    <property name="java.vm.version" value="25.121-b13"/>
    <property name="browser" value="Firefox"/>
    <property name="user.country.format" value="IN"/>
    <property name="gopherProxySet" value="false"/>
    <property name="url" value="http://www.mapsynq.com/"/>
    <property name="java.vm.vendor" value="Oracle Corporation"/>
    <property name="maven.multiModuleProjectDirectory" value="/Users/lokenath/Documents/workspace/mapsynq"/>
    <property name="java.vendor.url" value="http://java.oracle.com/"/>
    <property name="path.separator" value=":"/>
    <property name="guice.disable.misplaced.annotation.check" value="true"/>
    <property name="java.vm.name" value="Java HotSpot(TM) 64-Bit Server VM"/>
    <property name="file.encoding.pkg" value="sun.io"/>
    <property name="user.country" value="US"/>
    <property name="sun.java.launcher" value="SUN_STANDARD"/>
    <property name="sun.os.patch.level" value="unknown"/>
    <property name="java.vm.specification.name" value="Java Virtual Machine Specification"/>
    <property name="user.dir" value="/Users/lokenath/Documents/workspace/mapsynq"/>
    <property name="java.runtime.version" value="1.8.0_121-b13"/>
    <property name="java.awt.graphicsenv" value="sun.awt.CGraphicsEnvironment"/>
    <property name="java.endorsed.dirs" value="/Library/Java/JavaVirtualMachines/jdk1.8.0_121.jdk/Contents/Home/jre/lib/endorsed"/>
    <property name="os.arch" value="x86_64"/>
    <property name="java.io.tmpdir" value="/var/folders/7k/z2l5cm6177ngznz1cqh_kpkw0000gn/T/"/>
    <property name="line.separator" value="&#10;"/>
    <property name="java.vm.specification.vendor" value="Oracle Corporation"/>
    <property name="os.name" value="Mac OS X"/>
    <property name="classworlds.conf" value="/Users/lokenath/SeamlessWork/apache-maven-3.3.9/bin/m2.conf"/>
    <property name="sun.jnu.encoding" value="UTF-8"/>
    <property name="java.library.path" value="/Users/lokenath/Library/Java/Extensions:/Library/Java/Extensions:/Network/Library/Java/Extensions:/System/Library/Java/Extensions:/usr/lib/java:."/>
    <property name="java.specification.name" value="Java Platform API Specification"/>
    <property name="java.class.version" value="52.0"/>
    <property name="sun.management.compiler" value="HotSpot 64-Bit Tiered Compilers"/>
    <property name="os.version" value="10.11.6"/>
    <property name="user.home" value="/Users/lokenath"/>
    <property name="user.timezone" value="Asia/Kolkata"/>
    <property name="java.awt.printerjob" value="sun.lwawt.macosx.CPrinterJob"/>
    <property name="java.specification.version" value="1.8"/>
    <property name="file.encoding" value="UTF-8"/>
    <property name="user.name" value="lokenath"/>
    <property name="java.class.path" value="/Users/lokenath/SeamlessWork/apache-maven-3.3.9/boot/plexus-classworlds-2.5.2.jar"/>
    <property name="java.vm.specification.version" value="1.8"/>
    <property name="sun.arch.data.model" value="64"/>
    <property name="java.home" value="/Library/Java/JavaVirtualMachines/jdk1.8.0_121.jdk/Contents/Home/jre"/>
    <property name="sun.java.command" value="org.codehaus.plexus.classworlds.launcher.Launcher clean test -Durl=http://www.mapsynq.com/ -Dbrowser=Firefox -DxmlFileName=testng.xml"/>
    <property name="java.specification.vendor" value="Oracle Corporation"/>
    <property name="user.language" value="en"/>
    <property name="awt.toolkit" value="sun.lwawt.macosx.LWCToolkit"/>
    <property name="java.vm.info" value="mixed mode"/>
    <property name="java.version" value="1.8.0_121"/>
    <property name="java.ext.dirs" value="/Users/lokenath/Library/Java/Extensions:/Library/Java/JavaVirtualMachines/jdk1.8.0_121.jdk/Contents/Home/jre/lib/ext:/Library/Java/Extensions:/Network/Library/Java/Extensions:/System/Library/Java/Extensions:/usr/lib/java"/>
    <property name="sun.boot.class.path" value="/Library/Java/JavaVirtualMachines/jdk1.8.0_121.jdk/Contents/Home/jre/lib/resources.jar:/Library/Java/JavaVirtualMachines/jdk1.8.0_121.jdk/Contents/Home/jre/lib/rt.jar:/Library/Java/JavaVirtualMachines/jdk1.8.0_121.jdk/Contents/Home/jre/lib/sunrsasign.jar:/Library/Java/JavaVirtualMachines/jdk1.8.0_121.jdk/Contents/Home/jre/lib/jsse.jar:/Library/Java/JavaVirtualMachines/jdk1.8.0_121.jdk/Contents/Home/jre/lib/jce.jar:/Library/Java/JavaVirtualMachines/jdk1.8.0_121.jdk/Contents/Home/jre/lib/charsets.jar:/Library/Java/JavaVirtualMachines/jdk1.8.0_121.jdk/Contents/Home/jre/lib/jfr.jar:/Library/Java/JavaVirtualMachines/jdk1.8.0_121.jdk/Contents/Home/jre/classes"/>
    <property name="java.vendor" value="Oracle Corporation"/>
    <property name="maven.home" value="/Users/lokenath/SeamlessWork/apache-maven-3.3.9"/>
    <property name="file.separator" value="/"/>
    <property name="java.vendor.url.bug" value="http://bugreport.sun.com/bugreport/"/>
    <property name="sun.cpu.endian" value="little"/>
    <property name="sun.io.unicode.encoding" value="UnicodeBig"/>
    <property name="sun.cpu.isalist" value=""/>
  </properties>
  <testcase name="LaunchURL" classname="com.mapsynq.testclass.TestMapsynq" time="7.61"/>
  <testcase name="clickDirectiontab" classname="com.mapsynq.testclass.TestMapsynq" time="0.534"/>
  <testcase name="testClearRoute" classname="com.mapsynq.testclass.TestMapsynq" time="0.435"/>
  <testcase name="testBlankSourceDesinationTraficAwareRoute" classname="com.mapsynq.testclass.TestMapsynq" time="0.637"/>
  <testcase name="testTraficAwareRoute" classname="com.mapsynq.testclass.TestMapsynq" time="23.36"/>
  <testcase name="testTollAwareRoute" classname="com.mapsynq.testclass.TestMapsynq" time="21.208"/>
  <testcase name="testFatestRoute" classname="com.mapsynq.testclass.TestMapsynq" time="21.072"/>
  <testcase name="testShortestRoute" classname="com.mapsynq.testclass.TestMapsynq" time="20.973"/>
  <testcase name="clickLiveTab" classname="com.mapsynq.testclass.TestMapsynq" time="0.331"/>
  <testcase name="checkSingaporeLiveTrafficNews" classname="com.mapsynq.testclass.TestMapsynq" time="0.292"/>
  <testcase name="clickCameraTab" classname="com.mapsynq.testclass.TestMapsynq" time="0.292"/>
  <testcase name="singaporeLiveTrafficCameras" classname="com.mapsynq.testclass.TestMapsynq" time="0.331"/>
  <testcase name="malaysiaLiveTrafficCameras" classname="com.mapsynq.testclass.TestMapsynq" time="0.201"/>
  <testcase name="srilankaLiveTrafficCameras" classname="com.mapsynq.testclass.TestMapsynq" time="0.154"/>
  <testcase name="testCountTotalLink" classname="com.mapsynq.testclass.TestMapsynq" time="0.22"/>
  <testcase name="testCountInvalidLink" classname="com.mapsynq.testclass.TestMapsynq" time="25.216"/>
  <testcase name="clickTollsLink" classname="com.mapsynq.testclass.TestMapsynq" time="0.234"/>
  <testcase name="checkSingaporeTolls" classname="com.mapsynq.testclass.TestMapsynq" time="1.69"/>
  <testcase name="checkMalaysiaTolls" classname="com.mapsynq.testclass.TestMapsynq" time="1.261"/>
  <testcase name="checkThialndTolls" classname="com.mapsynq.testclass.TestMapsynq" time="2.393"/>
  <testcase name="clickFirstSignaporeTollLink" classname="com.mapsynq.testclass.TestMapsynq" time="0.481"/>
  <testcase name="switchToPriceListDropdown" classname="com.mapsynq.testclass.TestMapsynq" time="100.14"/>
  <testcase name="getPriceAndRatesLargeVehicleWeekdays" classname="com.mapsynq.testclass.TestMapsynq" time="1.149"/>
  <testcase name="getPriceAndRatesCarSaturday" classname="com.mapsynq.testclass.TestMapsynq" time="100.301"/>
  <testcase name="getPriceAndRatesMotorCycleWeekdays" classname="com.mapsynq.testclass.TestMapsynq" time="1.128"/>
  <testcase name="getPriceAndRatesMotorCycleSaturday" classname="com.mapsynq.testclass.TestMapsynq" time="100.285"/>
  <testcase name="getPriceAndRatesCarWeekdays" classname="com.mapsynq.testclass.TestMapsynq" time="1.055"/>
  <testcase name="getPriceAndRatesLargeVehicleSaturday" classname="com.mapsynq.testclass.TestMapsynq" time="100.289"/>
  <testcase name="getPriceAndRatesHeavyVehicleWeekdays" classname="com.mapsynq.testclass.TestMapsynq" time="1.714"/>
  <testcase name="getPriceAndRatesHeavyVehicleSaturday" classname="com.mapsynq.testclass.TestMapsynq" time="100.304"/>
  <testcase name="getPriceAndRatesVeryHeavhVehicleWeekdays" classname="com.mapsynq.testclass.TestMapsynq" time="1.342"/>
  <testcase name="getPriceAndRatesVeryHeavhVehicleSaturday" classname="com.mapsynq.testclass.TestMapsynq" time="100.315"/>
  <testcase name="closeBrowser" classname="com.mapsynq.testclass.TestMapsynq" time="0.299"/>
</testsuite>