<?xml version="1.0" encoding="UTF-8"?>
<!-- Generated by org.testng.reporters.JUnitReportReporter -->
<testsuite hostname="Lokenaths-MacBook-Pro.local" name="com.mapsynq.testclass.TestMapsynq" tests="10" failures="0" timestamp="18 Aug 2017 03:43:33 GMT" time="18.427" errors="0">
  <testcase name="clickDirectiontab" time="0.426" classname="com.mapsynq.testclass.TestMapsynq"/>
  <testcase name="TestShortestRoute" time="0.757" classname="com.mapsynq.testclass.TestMapsynq"/>
  <testcase name="TestFatestRoute" time="0.968" classname="com.mapsynq.testclass.TestMapsynq"/>
  <testcase name="testClearRoute" time="0.348" classname="com.mapsynq.testclass.TestMapsynq"/>
  <testcase name="ClickLiveTab" time="0.330" classname="com.mapsynq.testclass.TestMapsynq"/>
  <testcase name="testBlankSourceDesinationTraficAwareRoute" time="5.459" classname="com.mapsynq.testclass.TestMapsynq"/>
  <testcase name="closeBrowser" time="0.000" classname="com.mapsynq.testclass.TestMapsynq"/>
  <testcase name="testTraficAwareRoute" time="2.176" classname="com.mapsynq.testclass.TestMapsynq"/>
  <testcase name="LaunchURL" time="7.214" classname="com.mapsynq.testclass.TestMapsynq"/>
  <testcase name="TestTollAwareRoute" time="0.749" classname="com.mapsynq.testclass.TestMapsynq"/>
</testsuite> <!-- com.mapsynq.testclass.TestMapsynq -->
