<?xml version="1.0" encoding="UTF-8"?>
<!-- Generated by org.testng.reporters.JUnitReportReporter -->
<testsuite hostname="Lokenaths-MacBook-Pro.local" name="com.mapsynq.testclass.TestMapsynq" tests="8" failures="0" timestamp="16 Aug 2017 03:33:59 GMT" time="13.855" errors="0">
  <testcase name="testClearRoute" time="0.421" classname="com.mapsynq.testclass.TestMapsynq"/>
  <testcase name="TestShortestRoute" time="0.798" classname="com.mapsynq.testclass.TestMapsynq"/>
  <testcase name="TestTollAwareRoute" time="1.100" classname="com.mapsynq.testclass.TestMapsynq"/>
  <testcase name="testTraficAwareRoute" time="2.202" classname="com.mapsynq.testclass.TestMapsynq"/>
  <testcase name="LaunchURL" time="7.642" classname="com.mapsynq.testclass.TestMapsynq"/>
  <testcase name="clickDirectiontab" time="0.530" classname="com.mapsynq.testclass.TestMapsynq"/>
  <testcase name="TestFatestRoute" time="0.884" classname="com.mapsynq.testclass.TestMapsynq"/>
  <testcase name="closeBrowser" time="0.278" classname="com.mapsynq.testclass.TestMapsynq"/>
</testsuite> <!-- com.mapsynq.testclass.TestMapsynq -->
